Classic Timing Analyzer report for Display_single
Wed Dec 05 20:36:04 2018
Quartus II Version 9.0 Build 132 02/25/2009 SJ Full Version


---------------------
; Table of Contents ;
---------------------
  1. Legal Notice
  2. Timing Analyzer Summary
  3. Timing Analyzer Settings
  4. Parallel Compilation
  5. tpd
  6. Timing Analyzer Messages



----------------
; Legal Notice ;
----------------
Copyright (C) 1991-2009 Altera Corporation
Your use of Altera Corporation's design tools, logic functions 
and other software and tools, and its AMPP partner logic 
functions, and any output files from any of the foregoing 
(including device programming or simulation files), and any 
associated documentation or information are expressly subject 
to the terms and conditions of the Altera Program License 
Subscription Agreement, Altera MegaCore Function License 
Agreement, or other applicable license agreement, including, 
without limitation, that your use is for the sole purpose of 
programming logic devices manufactured by Altera and sold by 
Altera or its authorized distributors.  Please refer to the 
applicable agreement for further details.



+--------------------------------------------------------------------------------------------------------------------------------+
; Timing Analyzer Summary                                                                                                        ;
+------------------------------+-------+---------------+-------------+---------+----------+------------+----------+--------------+
; Type                         ; Slack ; Required Time ; Actual Time ; From    ; To       ; From Clock ; To Clock ; Failed Paths ;
+------------------------------+-------+---------------+-------------+---------+----------+------------+----------+--------------+
; Worst-case tpd               ; N/A   ; None          ; 12.583 ns   ; D_in[2] ; D_hex[5] ; --         ; --       ; 0            ;
; Total number of failed paths ;       ;               ;             ;         ;          ;            ;          ; 0            ;
+------------------------------+-------+---------------+-------------+---------+----------+------------+----------+--------------+


+--------------------------------------------------------------------------------------------------------------------+
; Timing Analyzer Settings                                                                                           ;
+---------------------------------------------------------------------+--------------------+------+----+-------------+
; Option                                                              ; Setting            ; From ; To ; Entity Name ;
+---------------------------------------------------------------------+--------------------+------+----+-------------+
; Device Name                                                         ; EP2C35F672C6       ;      ;    ;             ;
; Timing Models                                                       ; Final              ;      ;    ;             ;
; Default hold multicycle                                             ; Same as Multicycle ;      ;    ;             ;
; Cut paths between unrelated clock domains                           ; On                 ;      ;    ;             ;
; Cut off read during write signal paths                              ; On                 ;      ;    ;             ;
; Cut off feedback from I/O pins                                      ; On                 ;      ;    ;             ;
; Report Combined Fast/Slow Timing                                    ; Off                ;      ;    ;             ;
; Ignore Clock Settings                                               ; Off                ;      ;    ;             ;
; Analyze latches as synchronous elements                             ; On                 ;      ;    ;             ;
; Enable Recovery/Removal analysis                                    ; Off                ;      ;    ;             ;
; Enable Clock Latency                                                ; Off                ;      ;    ;             ;
; Use TimeQuest Timing Analyzer                                       ; Off                ;      ;    ;             ;
; Minimum Core Junction Temperature                                   ; 0                  ;      ;    ;             ;
; Maximum Core Junction Temperature                                   ; 85                 ;      ;    ;             ;
; Number of source nodes to report per destination node               ; 10                 ;      ;    ;             ;
; Number of destination nodes to report                               ; 10                 ;      ;    ;             ;
; Number of paths to report                                           ; 200                ;      ;    ;             ;
; Report Minimum Timing Checks                                        ; Off                ;      ;    ;             ;
; Use Fast Timing Models                                              ; Off                ;      ;    ;             ;
; Report IO Paths Separately                                          ; Off                ;      ;    ;             ;
; Perform Multicorner Analysis                                        ; On                 ;      ;    ;             ;
; Reports the worst-case path for each clock domain and analysis      ; Off                ;      ;    ;             ;
; Removes common clock path pessimism (CCPP) during slack computation ; Off                ;      ;    ;             ;
; Output I/O Timing Endpoint                                          ; Near End           ;      ;    ;             ;
+---------------------------------------------------------------------+--------------------+------+----+-------------+


+------------------------------------------+
; Parallel Compilation                     ;
+----------------------------+-------------+
; Processors                 ; Number      ;
+----------------------------+-------------+
; Number detected on machine ; 2           ;
; Maximum allowed            ; 2           ;
;                            ;             ;
; Average used               ; 1.00        ;
; Maximum used               ; 1           ;
;                            ;             ;
; Usage by Processor         ; % Time Used ;
;     1 processor            ; 100.0%      ;
;     2 processors           ;   0.0%      ;
+----------------------------+-------------+


+------------------------------------------------------------------+
; tpd                                                              ;
+-------+-------------------+-----------------+---------+----------+
; Slack ; Required P2P Time ; Actual P2P Time ; From    ; To       ;
+-------+-------------------+-----------------+---------+----------+
; N/A   ; None              ; 12.583 ns       ; D_in[2] ; D_hex[5] ;
; N/A   ; None              ; 12.068 ns       ; D_in[3] ; D_hex[5] ;
; N/A   ; None              ; 11.860 ns       ; D_in[2] ; D_hex[3] ;
; N/A   ; None              ; 11.816 ns       ; D_in[2] ; D_hex[1] ;
; N/A   ; None              ; 11.344 ns       ; D_in[3] ; D_hex[3] ;
; N/A   ; None              ; 11.320 ns       ; D_in[3] ; D_hex[1] ;
; N/A   ; None              ; 11.049 ns       ; D_in[2] ; D_hex[0] ;
; N/A   ; None              ; 10.781 ns       ; D_in[2] ; D_hex[2] ;
; N/A   ; None              ; 10.776 ns       ; D_in[2] ; D_hex[6] ;
; N/A   ; None              ; 10.762 ns       ; D_in[2] ; D_hex[4] ;
; N/A   ; None              ; 10.535 ns       ; D_in[3] ; D_hex[0] ;
; N/A   ; None              ; 10.270 ns       ; D_in[3] ; D_hex[6] ;
; N/A   ; None              ; 10.269 ns       ; D_in[3] ; D_hex[2] ;
; N/A   ; None              ; 10.262 ns       ; D_in[3] ; D_hex[4] ;
; N/A   ; None              ; 9.121 ns        ; D_in[0] ; D_hex[5] ;
; N/A   ; None              ; 9.085 ns        ; D_in[1] ; D_hex[5] ;
; N/A   ; None              ; 8.399 ns        ; D_in[0] ; D_hex[3] ;
; N/A   ; None              ; 8.374 ns        ; D_in[0] ; D_hex[1] ;
; N/A   ; None              ; 8.364 ns        ; D_in[1] ; D_hex[3] ;
; N/A   ; None              ; 8.337 ns        ; D_in[1] ; D_hex[1] ;
; N/A   ; None              ; 7.590 ns        ; D_in[0] ; D_hex[0] ;
; N/A   ; None              ; 7.554 ns        ; D_in[1] ; D_hex[0] ;
; N/A   ; None              ; 7.326 ns        ; D_in[0] ; D_hex[6] ;
; N/A   ; None              ; 7.323 ns        ; D_in[0] ; D_hex[2] ;
; N/A   ; None              ; 7.313 ns        ; D_in[0] ; D_hex[4] ;
; N/A   ; None              ; 7.287 ns        ; D_in[1] ; D_hex[6] ;
; N/A   ; None              ; 7.286 ns        ; D_in[1] ; D_hex[2] ;
; N/A   ; None              ; 7.280 ns        ; D_in[1] ; D_hex[4] ;
+-------+-------------------+-----------------+---------+----------+


+--------------------------+
; Timing Analyzer Messages ;
+--------------------------+
Info: *******************************************************************
Info: Running Quartus II Classic Timing Analyzer
    Info: Version 9.0 Build 132 02/25/2009 SJ Full Version
    Info: Processing started: Wed Dec 05 20:36:04 2018
Info: Command: quartus_tan --read_settings_files=off --write_settings_files=off Display_single -c Display_single --timing_analysis_only
Info: Parallel compilation is enabled and will use 2 of the 2 processors detected
Info: Longest tpd from source pin "D_in[2]" to destination pin "D_hex[5]" is 12.583 ns
    Info: 1: + IC(0.000 ns) + CELL(0.820 ns) = 0.820 ns; Loc. = PIN_F12; Fanout = 7; PIN Node = 'D_in[2]'
    Info: 2: + IC(5.844 ns) + CELL(0.420 ns) = 7.084 ns; Loc. = LCCOMB_X27_Y6_N2; Fanout = 1; COMB Node = 'D_hex~47'
    Info: 3: + IC(2.741 ns) + CELL(2.758 ns) = 12.583 ns; Loc. = PIN_G12; Fanout = 0; PIN Node = 'D_hex[5]'
    Info: Total cell delay = 3.998 ns ( 31.77 % )
    Info: Total interconnect delay = 8.585 ns ( 68.23 % )
Info: Quartus II Classic Timing Analyzer was successful. 0 errors, 0 warnings
    Info: Peak virtual memory: 216 megabytes
    Info: Processing ended: Wed Dec 05 20:36:04 2018
    Info: Elapsed time: 00:00:00
    Info: Total CPU time (on all processors): 00:00:00


