Analysis & Synthesis report for two_digit_adder
Sun Dec 09 18:07:21 2018
Quartus II Version 9.0 Build 132 02/25/2009 SJ Full Version


---------------------
; Table of Contents ;
---------------------
  1. Legal Notice
  2. Analysis & Synthesis Summary
  3. Analysis & Synthesis Settings
  4. Analysis & Synthesis Source Files Read
  5. Analysis & Synthesis Resource Usage Summary
  6. Analysis & Synthesis Resource Utilization by Entity
  7. General Register Statistics
  8. Port Connectivity Checks: "decimal_4bit_full_adder:u1|f_adder_4:u5"
  9. Port Connectivity Checks: "decimal_4bit_full_adder:u1|f_adder:u3"
 10. Analysis & Synthesis Messages



----------------
; Legal Notice ;
----------------
Copyright (C) 1991-2009 Altera Corporation
Your use of Altera Corporation's design tools, logic functions 
and other software and tools, and its AMPP partner logic 
functions, and any output files from any of the foregoing 
(including device programming or simulation files), and any 
associated documentation or information are expressly subject 
to the terms and conditions of the Altera Program License 
Subscription Agreement, Altera MegaCore Function License 
Agreement, or other applicable license agreement, including, 
without limitation, that your use is for the sole purpose of 
programming logic devices manufactured by Altera and sold by 
Altera or its authorized distributors.  Please refer to the 
applicable agreement for further details.



+-------------------------------------------------------------------------------+
; Analysis & Synthesis Summary                                                  ;
+------------------------------------+------------------------------------------+
; Analysis & Synthesis Status        ; Successful - Sun Dec 09 18:07:21 2018    ;
; Quartus II Version                 ; 9.0 Build 132 02/25/2009 SJ Full Version ;
; Revision Name                      ; two_digit_adder                          ;
; Top-level Entity Name              ; two_digit_adder                          ;
; Family                             ; Cyclone II                               ;
; Total logic elements               ; 26                                       ;
;     Total combinational functions  ; 26                                       ;
;     Dedicated logic registers      ; 0                                        ;
; Total registers                    ; 0                                        ;
; Total pins                         ; 27                                       ;
; Total virtual pins                 ; 0                                        ;
; Total memory bits                  ; 0                                        ;
; Embedded Multiplier 9-bit elements ; 0                                        ;
; Total PLLs                         ; 0                                        ;
+------------------------------------+------------------------------------------+


+----------------------------------------------------------------------------------------------------------+
; Analysis & Synthesis Settings                                                                            ;
+----------------------------------------------------------------+--------------------+--------------------+
; Option                                                         ; Setting            ; Default Value      ;
+----------------------------------------------------------------+--------------------+--------------------+
; Device                                                         ; EP2C35F672C6       ;                    ;
; Top-level entity name                                          ; two_digit_adder    ; two_digit_adder    ;
; Family name                                                    ; Cyclone II         ; Stratix II         ;
; Use Generated Physical Constraints File                        ; Off                ;                    ;
; Use smart compilation                                          ; Off                ; Off                ;
; Restructure Multiplexers                                       ; Auto               ; Auto               ;
; Create Debugging Nodes for IP Cores                            ; Off                ; Off                ;
; Preserve fewer node names                                      ; On                 ; On                 ;
; Disable OpenCore Plus hardware evaluation                      ; Off                ; Off                ;
; Verilog Version                                                ; Verilog_2001       ; Verilog_2001       ;
; VHDL Version                                                   ; VHDL93             ; VHDL93             ;
; State Machine Processing                                       ; Auto               ; Auto               ;
; Safe State Machine                                             ; Off                ; Off                ;
; Extract Verilog State Machines                                 ; On                 ; On                 ;
; Extract VHDL State Machines                                    ; On                 ; On                 ;
; Ignore Verilog initial constructs                              ; Off                ; Off                ;
; Iteration limit for constant Verilog loops                     ; 5000               ; 5000               ;
; Iteration limit for non-constant Verilog loops                 ; 250                ; 250                ;
; Add Pass-Through Logic to Inferred RAMs                        ; On                 ; On                 ;
; Parallel Synthesis                                             ; Off                ; Off                ;
; DSP Block Balancing                                            ; Auto               ; Auto               ;
; NOT Gate Push-Back                                             ; On                 ; On                 ;
; Power-Up Don't Care                                            ; On                 ; On                 ;
; Remove Redundant Logic Cells                                   ; Off                ; Off                ;
; Remove Duplicate Registers                                     ; On                 ; On                 ;
; Ignore CARRY Buffers                                           ; Off                ; Off                ;
; Ignore CASCADE Buffers                                         ; Off                ; Off                ;
; Ignore GLOBAL Buffers                                          ; Off                ; Off                ;
; Ignore ROW GLOBAL Buffers                                      ; Off                ; Off                ;
; Ignore LCELL Buffers                                           ; Off                ; Off                ;
; Ignore SOFT Buffers                                            ; On                 ; On                 ;
; Limit AHDL Integers to 32 Bits                                 ; Off                ; Off                ;
; Optimization Technique                                         ; Balanced           ; Balanced           ;
; Carry Chain Length                                             ; 70                 ; 70                 ;
; Auto Carry Chains                                              ; On                 ; On                 ;
; Auto Open-Drain Pins                                           ; On                 ; On                 ;
; Perform WYSIWYG Primitive Resynthesis                          ; Off                ; Off                ;
; Auto ROM Replacement                                           ; On                 ; On                 ;
; Auto RAM Replacement                                           ; On                 ; On                 ;
; Auto Shift Register Replacement                                ; Auto               ; Auto               ;
; Auto Clock Enable Replacement                                  ; On                 ; On                 ;
; Strict RAM Replacement                                         ; Off                ; Off                ;
; Allow Synchronous Control Signals                              ; On                 ; On                 ;
; Force Use of Synchronous Clear Signals                         ; Off                ; Off                ;
; Auto RAM to Logic Cell Conversion                              ; Off                ; Off                ;
; Auto Resource Sharing                                          ; Off                ; Off                ;
; Allow Any RAM Size For Recognition                             ; Off                ; Off                ;
; Allow Any ROM Size For Recognition                             ; Off                ; Off                ;
; Allow Any Shift Register Size For Recognition                  ; Off                ; Off                ;
; Use LogicLock Constraints during Resource Balancing            ; On                 ; On                 ;
; Ignore translate_off and synthesis_off directives              ; Off                ; Off                ;
; Timing-Driven Synthesis                                        ; Off                ; Off                ;
; Show Parameter Settings Tables in Synthesis Report             ; On                 ; On                 ;
; Ignore Maximum Fan-Out Assignments                             ; Off                ; Off                ;
; Synchronization Register Chain Length                          ; 2                  ; 2                  ;
; PowerPlay Power Optimization                                   ; Normal compilation ; Normal compilation ;
; HDL message level                                              ; Level2             ; Level2             ;
; Suppress Register Optimization Related Messages                ; Off                ; Off                ;
; Number of Removed Registers Reported in Synthesis Report       ; 100                ; 100                ;
; Number of Inverted Registers Reported in Synthesis Report      ; 100                ; 100                ;
; Clock MUX Protection                                           ; On                 ; On                 ;
; Auto Gated Clock Conversion                                    ; Off                ; Off                ;
; Block Design Naming                                            ; Auto               ; Auto               ;
; SDC constraint protection                                      ; Off                ; Off                ;
; Synthesis Effort                                               ; Auto               ; Auto               ;
; Allows Asynchronous Clear Usage For Shift Register Replacement ; On                 ; On                 ;
; Analysis & Synthesis Message Level                             ; Medium             ; Medium             ;
+----------------------------------------------------------------+--------------------+--------------------+


+------------------------------------------------------------------------------------------------------------------------------------------------------------------------------+
; Analysis & Synthesis Source Files Read                                                                                                                                       ;
+--------------------------------------------------------+-----------------+-----------------+---------------------------------------------------------------------------------+
; File Name with User-Entered Path                       ; Used in Netlist ; File Type       ; File Name with Absolute Path                                                    ;
+--------------------------------------------------------+-----------------+-----------------+---------------------------------------------------------------------------------+
; ../decimal_4bit_full_adder/decimal_4bit_full_adder.vhd ; yes             ; User VHDL File  ; F:/study/数字电路/实验/lab2/decimal_4bit_full_adder/decimal_4bit_full_adder.vhd ;
; ../full_adder/f_adder.vhd                              ; yes             ; User VHDL File  ; F:/study/数字电路/实验/lab2/full_adder/f_adder.vhd                              ;
; ../f_adder_4/f_adder_4.vhd                             ; yes             ; User VHDL File  ; F:/study/数字电路/实验/lab2/f_adder_4/f_adder_4.vhd                             ;
; two_digit_adder.vhd                                    ; yes             ; User VHDL File  ; F:/study/数字电路/实验/lab2/two_digit_adder/two_digit_adder.vhd                 ;
+--------------------------------------------------------+-----------------+-----------------+---------------------------------------------------------------------------------+


+--------------------------------------------------------------------------------------------+
; Analysis & Synthesis Resource Usage Summary                                                ;
+---------------------------------------------+----------------------------------------------+
; Resource                                    ; Usage                                        ;
+---------------------------------------------+----------------------------------------------+
; Estimated Total logic elements              ; 26                                           ;
;                                             ;                                              ;
; Total combinational functions               ; 26                                           ;
; Logic element usage by number of LUT inputs ;                                              ;
;     -- 4 input functions                    ; 11                                           ;
;     -- 3 input functions                    ; 11                                           ;
;     -- <=2 input functions                  ; 4                                            ;
;                                             ;                                              ;
; Logic elements by mode                      ;                                              ;
;     -- normal mode                          ; 26                                           ;
;     -- arithmetic mode                      ; 0                                            ;
;                                             ;                                              ;
; Total registers                             ; 0                                            ;
;     -- Dedicated logic registers            ; 0                                            ;
;     -- I/O registers                        ; 0                                            ;
;                                             ;                                              ;
; I/O pins                                    ; 27                                           ;
; Maximum fan-out node                        ; decimal_4bit_full_adder:u1|f_adder:u0|f_co~7 ;
; Maximum fan-out                             ; 4                                            ;
; Total fan-out                               ; 94                                           ;
; Average fan-out                             ; 1.77                                         ;
+---------------------------------------------+----------------------------------------------+


+---------------------------------------------------------------------------------------------------------------------------------------------------------------------------------------------------------------------+
; Analysis & Synthesis Resource Utilization by Entity                                                                                                                                                                 ;
+---------------------------------+-------------------+--------------+-------------+--------------+---------+-----------+------+--------------+--------------------------------------------------------+--------------+
; Compilation Hierarchy Node      ; LC Combinationals ; LC Registers ; Memory Bits ; DSP Elements ; DSP 9x9 ; DSP 18x18 ; Pins ; Virtual Pins ; Full Hierarchy Name                                    ; Library Name ;
+---------------------------------+-------------------+--------------+-------------+--------------+---------+-----------+------+--------------+--------------------------------------------------------+--------------+
; |two_digit_adder                ; 26 (0)            ; 0 (0)        ; 0           ; 0            ; 0       ; 0         ; 27   ; 0            ; |two_digit_adder                                       ; work         ;
;    |decimal_4bit_full_adder:u1| ; 14 (7)            ; 0 (0)        ; 0           ; 0            ; 0       ; 0         ; 0    ; 0            ; |two_digit_adder|decimal_4bit_full_adder:u1            ; work         ;
;       |f_adder:u0|              ; 2 (2)             ; 0 (0)        ; 0           ; 0            ; 0       ; 0         ; 0    ; 0            ; |two_digit_adder|decimal_4bit_full_adder:u1|f_adder:u0 ; work         ;
;       |f_adder:u1|              ; 2 (2)             ; 0 (0)        ; 0           ; 0            ; 0       ; 0         ; 0    ; 0            ; |two_digit_adder|decimal_4bit_full_adder:u1|f_adder:u1 ; work         ;
;       |f_adder:u2|              ; 1 (1)             ; 0 (0)        ; 0           ; 0            ; 0       ; 0         ; 0    ; 0            ; |two_digit_adder|decimal_4bit_full_adder:u1|f_adder:u2 ; work         ;
;       |f_adder:u3|              ; 2 (2)             ; 0 (0)        ; 0           ; 0            ; 0       ; 0         ; 0    ; 0            ; |two_digit_adder|decimal_4bit_full_adder:u1|f_adder:u3 ; work         ;
;    |decimal_4bit_full_adder:u2| ; 12 (4)            ; 0 (0)        ; 0           ; 0            ; 0       ; 0         ; 0    ; 0            ; |two_digit_adder|decimal_4bit_full_adder:u2            ; work         ;
;       |f_adder:u0|              ; 2 (2)             ; 0 (0)        ; 0           ; 0            ; 0       ; 0         ; 0    ; 0            ; |two_digit_adder|decimal_4bit_full_adder:u2|f_adder:u0 ; work         ;
;       |f_adder:u1|              ; 3 (3)             ; 0 (0)        ; 0           ; 0            ; 0       ; 0         ; 0    ; 0            ; |two_digit_adder|decimal_4bit_full_adder:u2|f_adder:u1 ; work         ;
;       |f_adder:u2|              ; 1 (1)             ; 0 (0)        ; 0           ; 0            ; 0       ; 0         ; 0    ; 0            ; |two_digit_adder|decimal_4bit_full_adder:u2|f_adder:u2 ; work         ;
;       |f_adder:u3|              ; 2 (2)             ; 0 (0)        ; 0           ; 0            ; 0       ; 0         ; 0    ; 0            ; |two_digit_adder|decimal_4bit_full_adder:u2|f_adder:u3 ; work         ;
+---------------------------------+-------------------+--------------+-------------+--------------+---------+-----------+------+--------------+--------------------------------------------------------+--------------+
Note: For table entries with two numbers listed, the numbers in parentheses indicate the number of resources of the given type used by the specific entity alone. The numbers listed outside of parentheses indicate the total resources of the given type used by the specific entity and all of its sub-entities in the hierarchy.


+------------------------------------------------------+
; General Register Statistics                          ;
+----------------------------------------------+-------+
; Statistic                                    ; Value ;
+----------------------------------------------+-------+
; Total registers                              ; 0     ;
; Number of registers using Synchronous Clear  ; 0     ;
; Number of registers using Synchronous Load   ; 0     ;
; Number of registers using Asynchronous Clear ; 0     ;
; Number of registers using Asynchronous Load  ; 0     ;
; Number of registers using Clock Enable       ; 0     ;
; Number of registers using Preset             ; 0     ;
+----------------------------------------------+-------+


+-----------------------------------------------------------------------------------------------------------------------+
; Port Connectivity Checks: "decimal_4bit_full_adder:u1|f_adder_4:u5"                                                   ;
+-------------+--------+----------+-------------------------------------------------------------------------------------+
; Port        ; Type   ; Severity ; Details                                                                             ;
+-------------+--------+----------+-------------------------------------------------------------------------------------+
; f_4_a[2..1] ; Input  ; Info     ; Stuck at VCC                                                                        ;
; f_4_a[3]    ; Input  ; Info     ; Stuck at GND                                                                        ;
; f_4_a[0]    ; Input  ; Info     ; Stuck at GND                                                                        ;
; f_4_co      ; Output ; Info     ; Connected to dangling logic. Logic that only feeds a dangling port will be removed. ;
; f_4_ci      ; Input  ; Info     ; Stuck at GND                                                                        ;
+-------------+--------+----------+-------------------------------------------------------------------------------------+


+----------------------------------------------------------------------------------------------------------------+
; Port Connectivity Checks: "decimal_4bit_full_adder:u1|f_adder:u3"                                              ;
+------+--------+----------+-------------------------------------------------------------------------------------+
; Port ; Type   ; Severity ; Details                                                                             ;
+------+--------+----------+-------------------------------------------------------------------------------------+
; f_co ; Output ; Info     ; Connected to dangling logic. Logic that only feeds a dangling port will be removed. ;
+------+--------+----------+-------------------------------------------------------------------------------------+


+-------------------------------+
; Analysis & Synthesis Messages ;
+-------------------------------+
Info: *******************************************************************
Info: Running Quartus II Analysis & Synthesis
    Info: Version 9.0 Build 132 02/25/2009 SJ Full Version
    Info: Processing started: Sun Dec 09 18:07:20 2018
Info: Command: quartus_map --read_settings_files=on --write_settings_files=off two_digit_adder -c two_digit_adder
Info: Found 2 design units, including 1 entities, in source file ../decimal_4bit_full_adder/decimal_4bit_full_adder.vhd
    Info: Found design unit 1: decimal_4bit_full_adder-arch
    Info: Found entity 1: decimal_4bit_full_adder
Info: Found 2 design units, including 1 entities, in source file ../full_adder/f_adder.vhd
    Info: Found design unit 1: f_adder-arch_f
    Info: Found entity 1: f_adder
Info: Found 2 design units, including 1 entities, in source file ../f_adder_4/f_adder_4.vhd
    Info: Found design unit 1: f_adder_4-arch_f_4
    Info: Found entity 1: f_adder_4
Info: Found 2 design units, including 1 entities, in source file two_digit_adder.vhd
    Info: Found design unit 1: two_digit_adder-arch_t_d
    Info: Found entity 1: two_digit_adder
Info: Elaborating entity "two_digit_adder" for the top level hierarchy
Warning (10541): VHDL Signal Declaration warning at two_digit_adder.vhd(15): used implicit default value for signal "t_d_co" because signal was never assigned a value or an explicit default value. Use of implicit default value may introduce unintended design optimizations.
Info: Elaborating entity "decimal_4bit_full_adder" for hierarchy "decimal_4bit_full_adder:u1"
Info: Elaborating entity "f_adder" for hierarchy "decimal_4bit_full_adder:u1|f_adder:u0"
Info: Elaborating entity "f_adder_4" for hierarchy "decimal_4bit_full_adder:u1|f_adder_4:u5"
Warning: Output pins are stuck at VCC or GND
    Warning (13410): Pin "t_d_co" is stuck at GND
Info: Implemented 53 device resources after synthesis - the final resource count might be different
    Info: Implemented 17 input pins
    Info: Implemented 10 output pins
    Info: Implemented 26 logic cells
Info: Quartus II Analysis & Synthesis was successful. 0 errors, 3 warnings
    Info: Peak virtual memory: 267 megabytes
    Info: Processing ended: Sun Dec 09 18:07:21 2018
    Info: Elapsed time: 00:00:01
    Info: Total CPU time (on all processors): 00:00:01


