Classic Timing Analyzer report for binary_to_decimal
Wed Dec 05 19:55:50 2018
Quartus II Version 9.0 Build 132 02/25/2009 SJ Full Version


---------------------
; Table of Contents ;
---------------------
  1. Legal Notice
  2. Timing Analyzer Summary
  3. Timing Analyzer Settings
  4. Parallel Compilation
  5. tpd
  6. Timing Analyzer Messages



----------------
; Legal Notice ;
----------------
Copyright (C) 1991-2009 Altera Corporation
Your use of Altera Corporation's design tools, logic functions 
and other software and tools, and its AMPP partner logic 
functions, and any output files from any of the foregoing 
(including device programming or simulation files), and any 
associated documentation or information are expressly subject 
to the terms and conditions of the Altera Program License 
Subscription Agreement, Altera MegaCore Function License 
Agreement, or other applicable license agreement, including, 
without limitation, that your use is for the sole purpose of 
programming logic devices manufactured by Altera and sold by 
Altera or its authorized distributors.  Please refer to the 
applicable agreement for further details.



+------------------------------------------------------------------------------------------------------------------------------+
; Timing Analyzer Summary                                                                                                      ;
+------------------------------+-------+---------------+-------------+---------+--------+------------+----------+--------------+
; Type                         ; Slack ; Required Time ; Actual Time ; From    ; To     ; From Clock ; To Clock ; Failed Paths ;
+------------------------------+-------+---------------+-------------+---------+--------+------------+----------+--------------+
; Worst-case tpd               ; N/A   ; None          ; 11.836 ns   ; b_in[1] ; b_m[3] ; --         ; --       ; 0            ;
; Total number of failed paths ;       ;               ;             ;         ;        ;            ;          ; 0            ;
+------------------------------+-------+---------------+-------------+---------+--------+------------+----------+--------------+


+--------------------------------------------------------------------------------------------------------------------+
; Timing Analyzer Settings                                                                                           ;
+---------------------------------------------------------------------+--------------------+------+----+-------------+
; Option                                                              ; Setting            ; From ; To ; Entity Name ;
+---------------------------------------------------------------------+--------------------+------+----+-------------+
; Device Name                                                         ; EP2C35F672C6       ;      ;    ;             ;
; Timing Models                                                       ; Final              ;      ;    ;             ;
; Default hold multicycle                                             ; Same as Multicycle ;      ;    ;             ;
; Cut paths between unrelated clock domains                           ; On                 ;      ;    ;             ;
; Cut off read during write signal paths                              ; On                 ;      ;    ;             ;
; Cut off feedback from I/O pins                                      ; On                 ;      ;    ;             ;
; Report Combined Fast/Slow Timing                                    ; Off                ;      ;    ;             ;
; Ignore Clock Settings                                               ; Off                ;      ;    ;             ;
; Analyze latches as synchronous elements                             ; On                 ;      ;    ;             ;
; Enable Recovery/Removal analysis                                    ; Off                ;      ;    ;             ;
; Enable Clock Latency                                                ; Off                ;      ;    ;             ;
; Use TimeQuest Timing Analyzer                                       ; Off                ;      ;    ;             ;
; Minimum Core Junction Temperature                                   ; 0                  ;      ;    ;             ;
; Maximum Core Junction Temperature                                   ; 85                 ;      ;    ;             ;
; Number of source nodes to report per destination node               ; 10                 ;      ;    ;             ;
; Number of destination nodes to report                               ; 10                 ;      ;    ;             ;
; Number of paths to report                                           ; 200                ;      ;    ;             ;
; Report Minimum Timing Checks                                        ; Off                ;      ;    ;             ;
; Use Fast Timing Models                                              ; Off                ;      ;    ;             ;
; Report IO Paths Separately                                          ; Off                ;      ;    ;             ;
; Perform Multicorner Analysis                                        ; On                 ;      ;    ;             ;
; Reports the worst-case path for each clock domain and analysis      ; Off                ;      ;    ;             ;
; Removes common clock path pessimism (CCPP) during slack computation ; Off                ;      ;    ;             ;
; Output I/O Timing Endpoint                                          ; Near End           ;      ;    ;             ;
+---------------------------------------------------------------------+--------------------+------+----+-------------+


+------------------------------------------+
; Parallel Compilation                     ;
+----------------------------+-------------+
; Processors                 ; Number      ;
+----------------------------+-------------+
; Number detected on machine ; 2           ;
; Maximum allowed            ; 2           ;
;                            ;             ;
; Average used               ; 1.00        ;
; Maximum used               ; 1           ;
;                            ;             ;
; Usage by Processor         ; % Time Used ;
;     1 processor            ; 100.0%      ;
;     2 processors           ;   0.0%      ;
+----------------------------+-------------+


+----------------------------------------------------------------+
; tpd                                                            ;
+-------+-------------------+-----------------+---------+--------+
; Slack ; Required P2P Time ; Actual P2P Time ; From    ; To     ;
+-------+-------------------+-----------------+---------+--------+
; N/A   ; None              ; 11.836 ns       ; b_in[1] ; b_m[3] ;
; N/A   ; None              ; 11.813 ns       ; b_in[1] ; b_m[2] ;
; N/A   ; None              ; 11.699 ns       ; b_in[1] ; b_z    ;
; N/A   ; None              ; 11.604 ns       ; b_in[3] ; b_m[3] ;
; N/A   ; None              ; 11.581 ns       ; b_in[3] ; b_m[2] ;
; N/A   ; None              ; 11.470 ns       ; b_in[3] ; b_z    ;
; N/A   ; None              ; 9.625 ns        ; b_in[1] ; b_m[1] ;
; N/A   ; None              ; 9.400 ns        ; b_in[3] ; b_m[1] ;
; N/A   ; None              ; 8.474 ns        ; b_in[2] ; b_m[2] ;
; N/A   ; None              ; 8.455 ns        ; b_in[2] ; b_m[3] ;
; N/A   ; None              ; 8.366 ns        ; b_in[2] ; b_z    ;
; N/A   ; None              ; 6.293 ns        ; b_in[2] ; b_m[1] ;
; N/A   ; None              ; 4.802 ns        ; b_in[0] ; b_m[0] ;
+-------+-------------------+-----------------+---------+--------+


+--------------------------+
; Timing Analyzer Messages ;
+--------------------------+
Info: *******************************************************************
Info: Running Quartus II Classic Timing Analyzer
    Info: Version 9.0 Build 132 02/25/2009 SJ Full Version
    Info: Processing started: Wed Dec 05 19:55:50 2018
Info: Command: quartus_tan --read_settings_files=off --write_settings_files=off binary_to_decimal -c binary_to_decimal --timing_analysis_only
Info: Parallel compilation is enabled and will use 2 of the 2 processors detected
Info: Longest tpd from source pin "b_in[1]" to destination pin "b_m[3]" is 11.836 ns
    Info: 1: + IC(0.000 ns) + CELL(0.882 ns) = 0.882 ns; Loc. = PIN_B25; Fanout = 4; PIN Node = 'b_in[1]'
    Info: 2: + IC(5.151 ns) + CELL(0.150 ns) = 6.183 ns; Loc. = LCCOMB_X43_Y32_N20; Fanout = 1; COMB Node = 'unit_trans:unit|m[3]'
    Info: 3: + IC(3.011 ns) + CELL(2.642 ns) = 11.836 ns; Loc. = PIN_F4; Fanout = 0; PIN Node = 'b_m[3]'
    Info: Total cell delay = 3.674 ns ( 31.04 % )
    Info: Total interconnect delay = 8.162 ns ( 68.96 % )
Info: Quartus II Classic Timing Analyzer was successful. 0 errors, 0 warnings
    Info: Peak virtual memory: 216 megabytes
    Info: Processing ended: Wed Dec 05 19:55:50 2018
    Info: Elapsed time: 00:00:00
    Info: Total CPU time (on all processors): 00:00:00


