Archive Project report for bit4_subtracters
Thu Dec 20 16:16:22 2018
Quartus II Version 9.0 Build 132 02/25/2009 SJ Full Version


---------------------
; Table of Contents ;
---------------------
  1. Legal Notice
  2. Archive Project Summary
  3. Archive Project Messages
  4. Files Archived



----------------
; Legal Notice ;
----------------
Copyright (C) 1991-2009 Altera Corporation
Your use of Altera Corporation's design tools, logic functions 
and other software and tools, and its AMPP partner logic 
functions, and any output files from any of the foregoing 
(including device programming or simulation files), and any 
associated documentation or information are expressly subject 
to the terms and conditions of the Altera Program License 
Subscription Agreement, Altera MegaCore Function License 
Agreement, or other applicable license agreement, including, 
without limitation, that your use is for the sole purpose of 
programming logic devices manufactured by Altera and sold by 
Altera or its authorized distributors.  Please refer to the 
applicable agreement for further details.



+------------------------------------------------------------+
; Archive Project Summary                                    ;
+------------------------+-----------------------------------+
; Archive Project Status ; Failed - Thu Dec 20 16:16:22 2018 ;
; Revision Name          ; bit4_subtracters                  ;
; Top-level Entity Name  ; bit4_subtracters                  ;
; Family                 ; Cyclone II                        ;
+------------------------+-----------------------------------+


+--------------------------+
; Archive Project Messages ;
+--------------------------+
Info: File Set 'Source control' contains:
    Info: Project source and settings files
    Info: Automatically detected source files
Error: Failed to generate 'F:/study/数字电路/实验/subway/bit4_subtracters/bit5_subtracters.qar'
Info: Generated report 'bit4_subtracters.archive.rpt'
Error: Evaluation of Tcl script e:/quatus/quartus/common/tcl/apps/qpm/qar.tcl unsuccessful
Error: Quartus II Shell was unsuccessful. 2 errors, 0 warnings
    Error: Peak virtual memory: 172 megabytes
    Error: Processing ended: Thu Dec 20 16:16:22 2018
    Error: Elapsed time: 00:00:01
    Error: Total CPU time (on all processors): 00:00:00


+----------------------------------+
; Files Archived                   ;
+----------------------------------+
; File Name                        ;
+----------------------------------+
; ../full_sub/full_sub.vhd         ;
; ../half_sub/bit4_subtracters.vwf ;
; ../half_sub/half_sub.vhd         ;
; bit4_subtracters.vhd             ;
; db/bit4_subtracters.sim.cvwf     ;
+----------------------------------+


