Classic Timing Analyzer report for f_adder_4
Fri Dec 07 09:53:20 2018
Quartus II Version 9.0 Build 132 02/25/2009 SJ Full Version


---------------------
; Table of Contents ;
---------------------
  1. Legal Notice
  2. Timing Analyzer Summary
  3. Timing Analyzer Settings
  4. Parallel Compilation
  5. tpd
  6. Timing Analyzer Messages



----------------
; Legal Notice ;
----------------
Copyright (C) 1991-2009 Altera Corporation
Your use of Altera Corporation's design tools, logic functions 
and other software and tools, and its AMPP partner logic 
functions, and any output files from any of the foregoing 
(including device programming or simulation files), and any 
associated documentation or information are expressly subject 
to the terms and conditions of the Altera Program License 
Subscription Agreement, Altera MegaCore Function License 
Agreement, or other applicable license agreement, including, 
without limitation, that your use is for the sole purpose of 
programming logic devices manufactured by Altera and sold by 
Altera or its authorized distributors.  Please refer to the 
applicable agreement for further details.



+-------------------------------------------------------------------------------------------------------------------------------+
; Timing Analyzer Summary                                                                                                       ;
+------------------------------+-------+---------------+-------------+--------+----------+------------+----------+--------------+
; Type                         ; Slack ; Required Time ; Actual Time ; From   ; To       ; From Clock ; To Clock ; Failed Paths ;
+------------------------------+-------+---------------+-------------+--------+----------+------------+----------+--------------+
; Worst-case tpd               ; N/A   ; None          ; 13.621 ns   ; f_4_ci ; f_4_s[3] ; --         ; --       ; 0            ;
; Total number of failed paths ;       ;               ;             ;        ;          ;            ;          ; 0            ;
+------------------------------+-------+---------------+-------------+--------+----------+------------+----------+--------------+


+--------------------------------------------------------------------------------------------------------------------+
; Timing Analyzer Settings                                                                                           ;
+---------------------------------------------------------------------+--------------------+------+----+-------------+
; Option                                                              ; Setting            ; From ; To ; Entity Name ;
+---------------------------------------------------------------------+--------------------+------+----+-------------+
; Device Name                                                         ; EP2C35F672C6       ;      ;    ;             ;
; Timing Models                                                       ; Final              ;      ;    ;             ;
; Default hold multicycle                                             ; Same as Multicycle ;      ;    ;             ;
; Cut paths between unrelated clock domains                           ; On                 ;      ;    ;             ;
; Cut off read during write signal paths                              ; On                 ;      ;    ;             ;
; Cut off feedback from I/O pins                                      ; On                 ;      ;    ;             ;
; Report Combined Fast/Slow Timing                                    ; Off                ;      ;    ;             ;
; Ignore Clock Settings                                               ; Off                ;      ;    ;             ;
; Analyze latches as synchronous elements                             ; On                 ;      ;    ;             ;
; Enable Recovery/Removal analysis                                    ; Off                ;      ;    ;             ;
; Enable Clock Latency                                                ; Off                ;      ;    ;             ;
; Use TimeQuest Timing Analyzer                                       ; Off                ;      ;    ;             ;
; Minimum Core Junction Temperature                                   ; 0                  ;      ;    ;             ;
; Maximum Core Junction Temperature                                   ; 85                 ;      ;    ;             ;
; Number of source nodes to report per destination node               ; 10                 ;      ;    ;             ;
; Number of destination nodes to report                               ; 10                 ;      ;    ;             ;
; Number of paths to report                                           ; 200                ;      ;    ;             ;
; Report Minimum Timing Checks                                        ; Off                ;      ;    ;             ;
; Use Fast Timing Models                                              ; Off                ;      ;    ;             ;
; Report IO Paths Separately                                          ; Off                ;      ;    ;             ;
; Perform Multicorner Analysis                                        ; On                 ;      ;    ;             ;
; Reports the worst-case path for each clock domain and analysis      ; Off                ;      ;    ;             ;
; Removes common clock path pessimism (CCPP) during slack computation ; Off                ;      ;    ;             ;
; Output I/O Timing Endpoint                                          ; Near End           ;      ;    ;             ;
+---------------------------------------------------------------------+--------------------+------+----+-------------+


+------------------------------------------+
; Parallel Compilation                     ;
+----------------------------+-------------+
; Processors                 ; Number      ;
+----------------------------+-------------+
; Number detected on machine ; 2           ;
; Maximum allowed            ; 2           ;
;                            ;             ;
; Average used               ; 1.00        ;
; Maximum used               ; 1           ;
;                            ;             ;
; Usage by Processor         ; % Time Used ;
;     1 processor            ; 100.0%      ;
;     2 processors           ;   0.0%      ;
+----------------------------+-------------+


+-------------------------------------------------------------------+
; tpd                                                               ;
+-------+-------------------+-----------------+----------+----------+
; Slack ; Required P2P Time ; Actual P2P Time ; From     ; To       ;
+-------+-------------------+-----------------+----------+----------+
; N/A   ; None              ; 13.621 ns       ; f_4_ci   ; f_4_s[3] ;
; N/A   ; None              ; 13.559 ns       ; f_4_b[0] ; f_4_s[3] ;
; N/A   ; None              ; 13.440 ns       ; f_4_a[0] ; f_4_s[3] ;
; N/A   ; None              ; 13.224 ns       ; f_4_b[1] ; f_4_s[3] ;
; N/A   ; None              ; 13.110 ns       ; f_4_ci   ; f_4_co   ;
; N/A   ; None              ; 13.057 ns       ; f_4_a[1] ; f_4_s[3] ;
; N/A   ; None              ; 13.048 ns       ; f_4_b[0] ; f_4_co   ;
; N/A   ; None              ; 12.929 ns       ; f_4_a[0] ; f_4_co   ;
; N/A   ; None              ; 12.713 ns       ; f_4_b[1] ; f_4_co   ;
; N/A   ; None              ; 12.546 ns       ; f_4_a[1] ; f_4_co   ;
; N/A   ; None              ; 12.435 ns       ; f_4_ci   ; f_4_s[1] ;
; N/A   ; None              ; 12.373 ns       ; f_4_b[0] ; f_4_s[1] ;
; N/A   ; None              ; 12.334 ns       ; f_4_a[2] ; f_4_s[3] ;
; N/A   ; None              ; 12.312 ns       ; f_4_ci   ; f_4_s[0] ;
; N/A   ; None              ; 12.254 ns       ; f_4_a[0] ; f_4_s[1] ;
; N/A   ; None              ; 12.250 ns       ; f_4_b[0] ; f_4_s[0] ;
; N/A   ; None              ; 12.135 ns       ; f_4_a[0] ; f_4_s[0] ;
; N/A   ; None              ; 12.037 ns       ; f_4_b[1] ; f_4_s[1] ;
; N/A   ; None              ; 11.982 ns       ; f_4_ci   ; f_4_s[2] ;
; N/A   ; None              ; 11.971 ns       ; f_4_b[2] ; f_4_s[3] ;
; N/A   ; None              ; 11.920 ns       ; f_4_b[0] ; f_4_s[2] ;
; N/A   ; None              ; 11.860 ns       ; f_4_a[1] ; f_4_s[1] ;
; N/A   ; None              ; 11.823 ns       ; f_4_a[2] ; f_4_co   ;
; N/A   ; None              ; 11.801 ns       ; f_4_a[0] ; f_4_s[2] ;
; N/A   ; None              ; 11.585 ns       ; f_4_b[1] ; f_4_s[2] ;
; N/A   ; None              ; 11.460 ns       ; f_4_b[2] ; f_4_co   ;
; N/A   ; None              ; 11.418 ns       ; f_4_a[1] ; f_4_s[2] ;
; N/A   ; None              ; 10.694 ns       ; f_4_a[2] ; f_4_s[2] ;
; N/A   ; None              ; 10.333 ns       ; f_4_b[2] ; f_4_s[2] ;
; N/A   ; None              ; 8.188 ns        ; f_4_a[3] ; f_4_s[3] ;
; N/A   ; None              ; 7.872 ns        ; f_4_b[3] ; f_4_s[3] ;
; N/A   ; None              ; 7.678 ns        ; f_4_a[3] ; f_4_co   ;
; N/A   ; None              ; 7.361 ns        ; f_4_b[3] ; f_4_co   ;
+-------+-------------------+-----------------+----------+----------+


+--------------------------+
; Timing Analyzer Messages ;
+--------------------------+
Info: *******************************************************************
Info: Running Quartus II Classic Timing Analyzer
    Info: Version 9.0 Build 132 02/25/2009 SJ Full Version
    Info: Processing started: Fri Dec 07 09:53:20 2018
Info: Command: quartus_tan --read_settings_files=off --write_settings_files=off f_adder_4 -c f_adder_4 --timing_analysis_only
Info: Parallel compilation is enabled and will use 2 of the 2 processors detected
Info: Longest tpd from source pin "f_4_ci" to destination pin "f_4_s[3]" is 13.621 ns
    Info: 1: + IC(0.000 ns) + CELL(0.840 ns) = 0.840 ns; Loc. = PIN_D12; Fanout = 2; PIN Node = 'f_4_ci'
    Info: 2: + IC(5.704 ns) + CELL(0.419 ns) = 6.963 ns; Loc. = LCCOMB_X27_Y15_N0; Fanout = 2; COMB Node = 'f_adder:u0|f_co~7'
    Info: 3: + IC(0.252 ns) + CELL(0.150 ns) = 7.365 ns; Loc. = LCCOMB_X27_Y15_N2; Fanout = 2; COMB Node = 'f_adder:u1|f_co~7'
    Info: 4: + IC(0.253 ns) + CELL(0.419 ns) = 8.037 ns; Loc. = LCCOMB_X27_Y15_N12; Fanout = 2; COMB Node = 'f_adder:u2|f_co~7'
    Info: 5: + IC(0.267 ns) + CELL(0.438 ns) = 8.742 ns; Loc. = LCCOMB_X27_Y15_N6; Fanout = 1; COMB Node = 'f_adder:u3|f_s'
    Info: 6: + IC(2.237 ns) + CELL(2.642 ns) = 13.621 ns; Loc. = PIN_T2; Fanout = 0; PIN Node = 'f_4_s[3]'
    Info: Total cell delay = 4.908 ns ( 36.03 % )
    Info: Total interconnect delay = 8.713 ns ( 63.97 % )
Info: Quartus II Classic Timing Analyzer was successful. 0 errors, 0 warnings
    Info: Peak virtual memory: 216 megabytes
    Info: Processing ended: Fri Dec 07 09:53:20 2018
    Info: Elapsed time: 00:00:00
    Info: Total CPU time (on all processors): 00:00:00


