Analysis & Synthesis report for bit16_value_save
Tue Dec 18 21:31:30 2018
Quartus II Version 9.0 Build 132 02/25/2009 SJ Full Version


---------------------
; Table of Contents ;
---------------------
  1. Legal Notice
  2. Analysis & Synthesis Summary
  3. Analysis & Synthesis Settings
  4. Analysis & Synthesis Source Files Read
  5. Analysis & Synthesis Resource Usage Summary
  6. Analysis & Synthesis Resource Utilization by Entity
  7. User-Specified and Inferred Latches
  8. General Register Statistics
  9. Analysis & Synthesis Messages



----------------
; Legal Notice ;
----------------
Copyright (C) 1991-2009 Altera Corporation
Your use of Altera Corporation's design tools, logic functions 
and other software and tools, and its AMPP partner logic 
functions, and any output files from any of the foregoing 
(including device programming or simulation files), and any 
associated documentation or information are expressly subject 
to the terms and conditions of the Altera Program License 
Subscription Agreement, Altera MegaCore Function License 
Agreement, or other applicable license agreement, including, 
without limitation, that your use is for the sole purpose of 
programming logic devices manufactured by Altera and sold by 
Altera or its authorized distributors.  Please refer to the 
applicable agreement for further details.



+-------------------------------------------------------------------------------+
; Analysis & Synthesis Summary                                                  ;
+------------------------------------+------------------------------------------+
; Analysis & Synthesis Status        ; Successful - Tue Dec 18 21:31:30 2018    ;
; Quartus II Version                 ; 9.0 Build 132 02/25/2009 SJ Full Version ;
; Revision Name                      ; bit16_value_save                         ;
; Top-level Entity Name              ; bit16_value_save                         ;
; Family                             ; Cyclone II                               ;
; Total logic elements               ; 144                                      ;
;     Total combinational functions  ; 144                                      ;
;     Dedicated logic registers      ; 0                                        ;
; Total registers                    ; 0                                        ;
; Total pins                         ; 74                                       ;
; Total virtual pins                 ; 0                                        ;
; Total memory bits                  ; 0                                        ;
; Embedded Multiplier 9-bit elements ; 0                                        ;
; Total PLLs                         ; 0                                        ;
+------------------------------------+------------------------------------------+


+----------------------------------------------------------------------------------------------------------+
; Analysis & Synthesis Settings                                                                            ;
+----------------------------------------------------------------+--------------------+--------------------+
; Option                                                         ; Setting            ; Default Value      ;
+----------------------------------------------------------------+--------------------+--------------------+
; Device                                                         ; EP2C35F672C6       ;                    ;
; Top-level entity name                                          ; bit16_value_save   ; bit16_value_save   ;
; Family name                                                    ; Cyclone II         ; Stratix II         ;
; Use Generated Physical Constraints File                        ; Off                ;                    ;
; Use smart compilation                                          ; Off                ; Off                ;
; Restructure Multiplexers                                       ; Auto               ; Auto               ;
; Create Debugging Nodes for IP Cores                            ; Off                ; Off                ;
; Preserve fewer node names                                      ; On                 ; On                 ;
; Disable OpenCore Plus hardware evaluation                      ; Off                ; Off                ;
; Verilog Version                                                ; Verilog_2001       ; Verilog_2001       ;
; VHDL Version                                                   ; VHDL93             ; VHDL93             ;
; State Machine Processing                                       ; Auto               ; Auto               ;
; Safe State Machine                                             ; Off                ; Off                ;
; Extract Verilog State Machines                                 ; On                 ; On                 ;
; Extract VHDL State Machines                                    ; On                 ; On                 ;
; Ignore Verilog initial constructs                              ; Off                ; Off                ;
; Iteration limit for constant Verilog loops                     ; 5000               ; 5000               ;
; Iteration limit for non-constant Verilog loops                 ; 250                ; 250                ;
; Add Pass-Through Logic to Inferred RAMs                        ; On                 ; On                 ;
; Parallel Synthesis                                             ; Off                ; Off                ;
; DSP Block Balancing                                            ; Auto               ; Auto               ;
; NOT Gate Push-Back                                             ; On                 ; On                 ;
; Power-Up Don't Care                                            ; On                 ; On                 ;
; Remove Redundant Logic Cells                                   ; Off                ; Off                ;
; Remove Duplicate Registers                                     ; On                 ; On                 ;
; Ignore CARRY Buffers                                           ; Off                ; Off                ;
; Ignore CASCADE Buffers                                         ; Off                ; Off                ;
; Ignore GLOBAL Buffers                                          ; Off                ; Off                ;
; Ignore ROW GLOBAL Buffers                                      ; Off                ; Off                ;
; Ignore LCELL Buffers                                           ; Off                ; Off                ;
; Ignore SOFT Buffers                                            ; On                 ; On                 ;
; Limit AHDL Integers to 32 Bits                                 ; Off                ; Off                ;
; Optimization Technique                                         ; Balanced           ; Balanced           ;
; Carry Chain Length                                             ; 70                 ; 70                 ;
; Auto Carry Chains                                              ; On                 ; On                 ;
; Auto Open-Drain Pins                                           ; On                 ; On                 ;
; Perform WYSIWYG Primitive Resynthesis                          ; Off                ; Off                ;
; Auto ROM Replacement                                           ; On                 ; On                 ;
; Auto RAM Replacement                                           ; On                 ; On                 ;
; Auto Shift Register Replacement                                ; Auto               ; Auto               ;
; Auto Clock Enable Replacement                                  ; On                 ; On                 ;
; Strict RAM Replacement                                         ; Off                ; Off                ;
; Allow Synchronous Control Signals                              ; On                 ; On                 ;
; Force Use of Synchronous Clear Signals                         ; Off                ; Off                ;
; Auto RAM to Logic Cell Conversion                              ; Off                ; Off                ;
; Auto Resource Sharing                                          ; Off                ; Off                ;
; Allow Any RAM Size For Recognition                             ; Off                ; Off                ;
; Allow Any ROM Size For Recognition                             ; Off                ; Off                ;
; Allow Any Shift Register Size For Recognition                  ; Off                ; Off                ;
; Use LogicLock Constraints during Resource Balancing            ; On                 ; On                 ;
; Ignore translate_off and synthesis_off directives              ; Off                ; Off                ;
; Timing-Driven Synthesis                                        ; Off                ; Off                ;
; Show Parameter Settings Tables in Synthesis Report             ; On                 ; On                 ;
; Ignore Maximum Fan-Out Assignments                             ; Off                ; Off                ;
; Synchronization Register Chain Length                          ; 2                  ; 2                  ;
; PowerPlay Power Optimization                                   ; Normal compilation ; Normal compilation ;
; HDL message level                                              ; Level2             ; Level2             ;
; Suppress Register Optimization Related Messages                ; Off                ; Off                ;
; Number of Removed Registers Reported in Synthesis Report       ; 100                ; 100                ;
; Number of Inverted Registers Reported in Synthesis Report      ; 100                ; 100                ;
; Clock MUX Protection                                           ; On                 ; On                 ;
; Auto Gated Clock Conversion                                    ; Off                ; Off                ;
; Block Design Naming                                            ; Auto               ; Auto               ;
; SDC constraint protection                                      ; Off                ; Off                ;
; Synthesis Effort                                               ; Auto               ; Auto               ;
; Allows Asynchronous Clear Usage For Shift Register Replacement ; On                 ; On                 ;
; Analysis & Synthesis Message Level                             ; Medium             ; Medium             ;
+----------------------------------------------------------------+--------------------+--------------------+


+------------------------------------------------------------------------------------------------------------------------------------------------------+
; Analysis & Synthesis Source Files Read                                                                                                               ;
+----------------------------------------------+-----------------+-----------------+-------------------------------------------------------------------+
; File Name with User-Entered Path             ; Used in Netlist ; File Type       ; File Name with Absolute Path                                      ;
+----------------------------------------------+-----------------+-----------------+-------------------------------------------------------------------+
; ../d_latch_pro/d_latch_pro.vhd               ; yes             ; User VHDL File  ; F:/study/数字电路/实验/lab3/d_latch_pro/d_latch_pro.vhd           ;
; ../../lab2/Display_single/Display_single.vhd ; yes             ; User VHDL File  ; F:/study/数字电路/实验/lab2/Display_single/Display_single.vhd     ;
; bit16_value_save.vhd                         ; yes             ; User VHDL File  ; F:/study/数字电路/实验/lab3/bit16_value_save/bit16_value_save.vhd ;
+----------------------------------------------+-----------------+-----------------+-------------------------------------------------------------------+


+-----------------------------------------------------+
; Analysis & Synthesis Resource Usage Summary         ;
+---------------------------------------------+-------+
; Resource                                    ; Usage ;
+---------------------------------------------+-------+
; Estimated Total logic elements              ; 144   ;
;                                             ;       ;
; Total combinational functions               ; 144   ;
; Logic element usage by number of LUT inputs ;       ;
;     -- 4 input functions                    ; 56    ;
;     -- 3 input functions                    ; 32    ;
;     -- <=2 input functions                  ; 56    ;
;                                             ;       ;
; Logic elements by mode                      ;       ;
;     -- normal mode                          ; 144   ;
;     -- arithmetic mode                      ; 0     ;
;                                             ;       ;
; Total registers                             ; 0     ;
;     -- Dedicated logic registers            ; 0     ;
;     -- I/O registers                        ; 0     ;
;                                             ;       ;
; I/O pins                                    ; 74    ;
; Maximum fan-out node                        ; key0  ;
; Maximum fan-out                             ; 56    ;
; Total fan-out                               ; 488   ;
; Average fan-out                             ; 2.24  ;
+---------------------------------------------+-------+


+---------------------------------------------------------------------------------------------------------------------------------------------------------------------------------------------+
; Analysis & Synthesis Resource Utilization by Entity                                                                                                                                         ;
+----------------------------+-------------------+--------------+-------------+--------------+---------+-----------+------+--------------+-------------------------------------+--------------+
; Compilation Hierarchy Node ; LC Combinationals ; LC Registers ; Memory Bits ; DSP Elements ; DSP 9x9 ; DSP 18x18 ; Pins ; Virtual Pins ; Full Hierarchy Name                 ; Library Name ;
+----------------------------+-------------------+--------------+-------------+--------------+---------+-----------+------+--------------+-------------------------------------+--------------+
; |bit16_value_save          ; 144 (0)           ; 0 (0)        ; 0           ; 0            ; 0       ; 0         ; 74   ; 0            ; |bit16_value_save                   ; work         ;
;    |Display_single:d1|     ; 14 (14)           ; 0 (0)        ; 0           ; 0            ; 0       ; 0         ; 0    ; 0            ; |bit16_value_save|Display_single:d1 ; work         ;
;    |Display_single:d2|     ; 14 (14)           ; 0 (0)        ; 0           ; 0            ; 0       ; 0         ; 0    ; 0            ; |bit16_value_save|Display_single:d2 ; work         ;
;    |Display_single:d3|     ; 14 (14)           ; 0 (0)        ; 0           ; 0            ; 0       ; 0         ; 0    ; 0            ; |bit16_value_save|Display_single:d3 ; work         ;
;    |Display_single:d4|     ; 14 (14)           ; 0 (0)        ; 0           ; 0            ; 0       ; 0         ; 0    ; 0            ; |bit16_value_save|Display_single:d4 ; work         ;
;    |Display_single:d5|     ; 14 (14)           ; 0 (0)        ; 0           ; 0            ; 0       ; 0         ; 0    ; 0            ; |bit16_value_save|Display_single:d5 ; work         ;
;    |Display_single:d6|     ; 14 (14)           ; 0 (0)        ; 0           ; 0            ; 0       ; 0         ; 0    ; 0            ; |bit16_value_save|Display_single:d6 ; work         ;
;    |Display_single:d7|     ; 14 (14)           ; 0 (0)        ; 0           ; 0            ; 0       ; 0         ; 0    ; 0            ; |bit16_value_save|Display_single:d7 ; work         ;
;    |Display_single:d8|     ; 14 (14)           ; 0 (0)        ; 0           ; 0            ; 0       ; 0         ; 0    ; 0            ; |bit16_value_save|Display_single:d8 ; work         ;
;    |d_latch_pro:ua0|       ; 1 (1)             ; 0 (0)        ; 0           ; 0            ; 0       ; 0         ; 0    ; 0            ; |bit16_value_save|d_latch_pro:ua0   ; work         ;
;    |d_latch_pro:ua10|      ; 1 (1)             ; 0 (0)        ; 0           ; 0            ; 0       ; 0         ; 0    ; 0            ; |bit16_value_save|d_latch_pro:ua10  ; work         ;
;    |d_latch_pro:ua11|      ; 1 (1)             ; 0 (0)        ; 0           ; 0            ; 0       ; 0         ; 0    ; 0            ; |bit16_value_save|d_latch_pro:ua11  ; work         ;
;    |d_latch_pro:ua12|      ; 1 (1)             ; 0 (0)        ; 0           ; 0            ; 0       ; 0         ; 0    ; 0            ; |bit16_value_save|d_latch_pro:ua12  ; work         ;
;    |d_latch_pro:ua13|      ; 1 (1)             ; 0 (0)        ; 0           ; 0            ; 0       ; 0         ; 0    ; 0            ; |bit16_value_save|d_latch_pro:ua13  ; work         ;
;    |d_latch_pro:ua14|      ; 1 (1)             ; 0 (0)        ; 0           ; 0            ; 0       ; 0         ; 0    ; 0            ; |bit16_value_save|d_latch_pro:ua14  ; work         ;
;    |d_latch_pro:ua15|      ; 1 (1)             ; 0 (0)        ; 0           ; 0            ; 0       ; 0         ; 0    ; 0            ; |bit16_value_save|d_latch_pro:ua15  ; work         ;
;    |d_latch_pro:ua1|       ; 1 (1)             ; 0 (0)        ; 0           ; 0            ; 0       ; 0         ; 0    ; 0            ; |bit16_value_save|d_latch_pro:ua1   ; work         ;
;    |d_latch_pro:ua2|       ; 1 (1)             ; 0 (0)        ; 0           ; 0            ; 0       ; 0         ; 0    ; 0            ; |bit16_value_save|d_latch_pro:ua2   ; work         ;
;    |d_latch_pro:ua3|       ; 1 (1)             ; 0 (0)        ; 0           ; 0            ; 0       ; 0         ; 0    ; 0            ; |bit16_value_save|d_latch_pro:ua3   ; work         ;
;    |d_latch_pro:ua4|       ; 1 (1)             ; 0 (0)        ; 0           ; 0            ; 0       ; 0         ; 0    ; 0            ; |bit16_value_save|d_latch_pro:ua4   ; work         ;
;    |d_latch_pro:ua5|       ; 1 (1)             ; 0 (0)        ; 0           ; 0            ; 0       ; 0         ; 0    ; 0            ; |bit16_value_save|d_latch_pro:ua5   ; work         ;
;    |d_latch_pro:ua6|       ; 1 (1)             ; 0 (0)        ; 0           ; 0            ; 0       ; 0         ; 0    ; 0            ; |bit16_value_save|d_latch_pro:ua6   ; work         ;
;    |d_latch_pro:ua7|       ; 1 (1)             ; 0 (0)        ; 0           ; 0            ; 0       ; 0         ; 0    ; 0            ; |bit16_value_save|d_latch_pro:ua7   ; work         ;
;    |d_latch_pro:ua8|       ; 1 (1)             ; 0 (0)        ; 0           ; 0            ; 0       ; 0         ; 0    ; 0            ; |bit16_value_save|d_latch_pro:ua8   ; work         ;
;    |d_latch_pro:ua9|       ; 1 (1)             ; 0 (0)        ; 0           ; 0            ; 0       ; 0         ; 0    ; 0            ; |bit16_value_save|d_latch_pro:ua9   ; work         ;
;    |d_latch_pro:ub0|       ; 1 (1)             ; 0 (0)        ; 0           ; 0            ; 0       ; 0         ; 0    ; 0            ; |bit16_value_save|d_latch_pro:ub0   ; work         ;
;    |d_latch_pro:ub10|      ; 1 (1)             ; 0 (0)        ; 0           ; 0            ; 0       ; 0         ; 0    ; 0            ; |bit16_value_save|d_latch_pro:ub10  ; work         ;
;    |d_latch_pro:ub11|      ; 1 (1)             ; 0 (0)        ; 0           ; 0            ; 0       ; 0         ; 0    ; 0            ; |bit16_value_save|d_latch_pro:ub11  ; work         ;
;    |d_latch_pro:ub12|      ; 1 (1)             ; 0 (0)        ; 0           ; 0            ; 0       ; 0         ; 0    ; 0            ; |bit16_value_save|d_latch_pro:ub12  ; work         ;
;    |d_latch_pro:ub13|      ; 1 (1)             ; 0 (0)        ; 0           ; 0            ; 0       ; 0         ; 0    ; 0            ; |bit16_value_save|d_latch_pro:ub13  ; work         ;
;    |d_latch_pro:ub14|      ; 1 (1)             ; 0 (0)        ; 0           ; 0            ; 0       ; 0         ; 0    ; 0            ; |bit16_value_save|d_latch_pro:ub14  ; work         ;
;    |d_latch_pro:ub15|      ; 1 (1)             ; 0 (0)        ; 0           ; 0            ; 0       ; 0         ; 0    ; 0            ; |bit16_value_save|d_latch_pro:ub15  ; work         ;
;    |d_latch_pro:ub1|       ; 1 (1)             ; 0 (0)        ; 0           ; 0            ; 0       ; 0         ; 0    ; 0            ; |bit16_value_save|d_latch_pro:ub1   ; work         ;
;    |d_latch_pro:ub2|       ; 1 (1)             ; 0 (0)        ; 0           ; 0            ; 0       ; 0         ; 0    ; 0            ; |bit16_value_save|d_latch_pro:ub2   ; work         ;
;    |d_latch_pro:ub3|       ; 1 (1)             ; 0 (0)        ; 0           ; 0            ; 0       ; 0         ; 0    ; 0            ; |bit16_value_save|d_latch_pro:ub3   ; work         ;
;    |d_latch_pro:ub4|       ; 1 (1)             ; 0 (0)        ; 0           ; 0            ; 0       ; 0         ; 0    ; 0            ; |bit16_value_save|d_latch_pro:ub4   ; work         ;
;    |d_latch_pro:ub5|       ; 1 (1)             ; 0 (0)        ; 0           ; 0            ; 0       ; 0         ; 0    ; 0            ; |bit16_value_save|d_latch_pro:ub5   ; work         ;
;    |d_latch_pro:ub6|       ; 1 (1)             ; 0 (0)        ; 0           ; 0            ; 0       ; 0         ; 0    ; 0            ; |bit16_value_save|d_latch_pro:ub6   ; work         ;
;    |d_latch_pro:ub7|       ; 1 (1)             ; 0 (0)        ; 0           ; 0            ; 0       ; 0         ; 0    ; 0            ; |bit16_value_save|d_latch_pro:ub7   ; work         ;
;    |d_latch_pro:ub8|       ; 1 (1)             ; 0 (0)        ; 0           ; 0            ; 0       ; 0         ; 0    ; 0            ; |bit16_value_save|d_latch_pro:ub8   ; work         ;
;    |d_latch_pro:ub9|       ; 1 (1)             ; 0 (0)        ; 0           ; 0            ; 0       ; 0         ; 0    ; 0            ; |bit16_value_save|d_latch_pro:ub9   ; work         ;
+----------------------------+-------------------+--------------+-------------+--------------+---------+-----------+------+--------------+-------------------------------------+--------------+
Note: For table entries with two numbers listed, the numbers in parentheses indicate the number of resources of the given type used by the specific entity alone. The numbers listed outside of parentheses indicate the total resources of the given type used by the specific entity and all of its sub-entities in the hierarchy.


+----------------------------------------------------------------------------------------------------+
; User-Specified and Inferred Latches                                                                ;
+-----------------------------------------------------+---------------------+------------------------+
; Latch Name                                          ; Latch Enable Signal ; Free of Timing Hazards ;
+-----------------------------------------------------+---------------------+------------------------+
; d_latch_pro:ua1|q                                   ; key1                ; yes                    ;
; d_latch_pro:ua3|q                                   ; key1                ; yes                    ;
; d_latch_pro:ua2|q                                   ; key1                ; yes                    ;
; d_latch_pro:ua0|q                                   ; key1                ; yes                    ;
; d_latch_pro:ua5|q                                   ; key1                ; yes                    ;
; d_latch_pro:ua7|q                                   ; key1                ; yes                    ;
; d_latch_pro:ua6|q                                   ; key1                ; yes                    ;
; d_latch_pro:ua4|q                                   ; key1                ; yes                    ;
; d_latch_pro:ua9|q                                   ; key1                ; yes                    ;
; d_latch_pro:ua11|q                                  ; key1                ; yes                    ;
; d_latch_pro:ua10|q                                  ; key1                ; yes                    ;
; d_latch_pro:ua8|q                                   ; key1                ; yes                    ;
; d_latch_pro:ua13|q                                  ; key1                ; yes                    ;
; d_latch_pro:ua15|q                                  ; key1                ; yes                    ;
; d_latch_pro:ua14|q                                  ; key1                ; yes                    ;
; d_latch_pro:ua12|q                                  ; key1                ; yes                    ;
; d_latch_pro:ub1|q                                   ; key1                ; yes                    ;
; d_latch_pro:ub3|q                                   ; key1                ; yes                    ;
; d_latch_pro:ub2|q                                   ; key1                ; yes                    ;
; d_latch_pro:ub0|q                                   ; key1                ; yes                    ;
; d_latch_pro:ub5|q                                   ; key1                ; yes                    ;
; d_latch_pro:ub7|q                                   ; key1                ; yes                    ;
; d_latch_pro:ub6|q                                   ; key1                ; yes                    ;
; d_latch_pro:ub4|q                                   ; key1                ; yes                    ;
; d_latch_pro:ub9|q                                   ; key1                ; yes                    ;
; d_latch_pro:ub11|q                                  ; key1                ; yes                    ;
; d_latch_pro:ub10|q                                  ; key1                ; yes                    ;
; d_latch_pro:ub8|q                                   ; key1                ; yes                    ;
; d_latch_pro:ub13|q                                  ; key1                ; yes                    ;
; d_latch_pro:ub15|q                                  ; key1                ; yes                    ;
; d_latch_pro:ub14|q                                  ; key1                ; yes                    ;
; d_latch_pro:ub12|q                                  ; key1                ; yes                    ;
; Number of user-specified and inferred latches = 32  ;                     ;                        ;
+-----------------------------------------------------+---------------------+------------------------+
Note: All latches listed above may not be present at the end of synthesis due to various synthesis optimizations.


+------------------------------------------------------+
; General Register Statistics                          ;
+----------------------------------------------+-------+
; Statistic                                    ; Value ;
+----------------------------------------------+-------+
; Total registers                              ; 0     ;
; Number of registers using Synchronous Clear  ; 0     ;
; Number of registers using Synchronous Load   ; 0     ;
; Number of registers using Asynchronous Clear ; 0     ;
; Number of registers using Asynchronous Load  ; 0     ;
; Number of registers using Clock Enable       ; 0     ;
; Number of registers using Preset             ; 0     ;
+----------------------------------------------+-------+


+-------------------------------+
; Analysis & Synthesis Messages ;
+-------------------------------+
Info: *******************************************************************
Info: Running Quartus II Analysis & Synthesis
    Info: Version 9.0 Build 132 02/25/2009 SJ Full Version
    Info: Processing started: Tue Dec 18 21:31:28 2018
Info: Command: quartus_map --read_settings_files=on --write_settings_files=off bit16_value_save -c bit16_value_save
Info: Found 2 design units, including 1 entities, in source file ../d_latch_pro/d_latch_pro.vhd
    Info: Found design unit 1: d_latch_pro-Behavior
    Info: Found entity 1: d_latch_pro
Info: Found 2 design units, including 1 entities, in source file ../../lab2/Display_single/Display_single.vhd
    Info: Found design unit 1: Display_single-D_arch
    Info: Found entity 1: Display_single
Info: Found 2 design units, including 1 entities, in source file ../../lab2/Display_four/Display_4.vhd
    Info: Found design unit 1: Display_4-arch_D4
    Info: Found entity 1: Display_4
Info: Found 2 design units, including 1 entities, in source file bit16_value_save.vhd
    Info: Found design unit 1: bit16_value_save-arch
    Info: Found entity 1: bit16_value_save
Info: Elaborating entity "bit16_value_save" for the top level hierarchy
Info: Elaborating entity "d_latch_pro" for hierarchy "d_latch_pro:ua0"
Warning (10631): VHDL Process Statement warning at d_latch_pro.vhd(64): inferring latch(es) for signal or variable "q", which holds its previous value in one or more paths through the process
Info (10041): Inferred latch for "q" at d_latch_pro.vhd(64)
Info: Elaborating entity "Display_single" for hierarchy "Display_single:d1"
Info: Implemented 218 device resources after synthesis - the final resource count might be different
    Info: Implemented 18 input pins
    Info: Implemented 56 output pins
    Info: Implemented 144 logic cells
Info: Quartus II Analysis & Synthesis was successful. 0 errors, 1 warning
    Info: Peak virtual memory: 271 megabytes
    Info: Processing ended: Tue Dec 18 21:31:30 2018
    Info: Elapsed time: 00:00:02
    Info: Total CPU time (on all processors): 00:00:01


