Flow report for bit16_value_save
Tue Dec 18 21:31:43 2018
Quartus II Version 9.0 Build 132 02/25/2009 SJ Full Version


---------------------
; Table of Contents ;
---------------------
  1. Legal Notice
  2. Flow Summary
  3. Flow Settings
  4. Flow Non-Default Global Settings
  5. Flow Elapsed Time
  6. Flow OS Summary
  7. Flow Log



----------------
; Legal Notice ;
----------------
Copyright (C) 1991-2009 Altera Corporation
Your use of Altera Corporation's design tools, logic functions 
and other software and tools, and its AMPP partner logic 
functions, and any output files from any of the foregoing 
(including device programming or simulation files), and any 
associated documentation or information are expressly subject 
to the terms and conditions of the Altera Program License 
Subscription Agreement, Altera MegaCore Function License 
Agreement, or other applicable license agreement, including, 
without limitation, that your use is for the sole purpose of 
programming logic devices manufactured by Altera and sold by 
Altera or its authorized distributors.  Please refer to the 
applicable agreement for further details.



+-------------------------------------------------------------------------------+
; Flow Summary                                                                  ;
+------------------------------------+------------------------------------------+
; Flow Status                        ; Successful - Tue Dec 18 21:31:43 2018    ;
; Quartus II Version                 ; 9.0 Build 132 02/25/2009 SJ Full Version ;
; Revision Name                      ; bit16_value_save                         ;
; Top-level Entity Name              ; bit16_value_save                         ;
; Family                             ; Cyclone II                               ;
; Device                             ; EP2C35F672C6                             ;
; Timing Models                      ; Final                                    ;
; Met timing requirements            ; Yes                                      ;
; Total logic elements               ; 144 / 33,216 ( < 1 % )                   ;
;     Total combinational functions  ; 144 / 33,216 ( < 1 % )                   ;
;     Dedicated logic registers      ; 0 / 33,216 ( 0 % )                       ;
; Total registers                    ; 0                                        ;
; Total pins                         ; 74 / 475 ( 16 % )                        ;
; Total virtual pins                 ; 0                                        ;
; Total memory bits                  ; 0 / 483,840 ( 0 % )                      ;
; Embedded Multiplier 9-bit elements ; 0 / 70 ( 0 % )                           ;
; Total PLLs                         ; 0 / 4 ( 0 % )                            ;
+------------------------------------+------------------------------------------+


+-----------------------------------------+
; Flow Settings                           ;
+-------------------+---------------------+
; Option            ; Setting             ;
+-------------------+---------------------+
; Start date & time ; 12/18/2018 21:31:29 ;
; Main task         ; Compilation         ;
; Revision Name     ; bit16_value_save    ;
+-------------------+---------------------+


+---------------------------------------------------------------------------------------------------------------------------------+
; Flow Non-Default Global Settings                                                                                                ;
+------------------------------------+---------------------------------------------+---------------+-------------+----------------+
; Assignment Name                    ; Value                                       ; Default Value ; Entity Name ; Section Id     ;
+------------------------------------+---------------------------------------------+---------------+-------------+----------------+
; COMPILER_SIGNATURE_ID              ; 123478088406500.154513988914208             ; --            ; --          ; --             ;
; MAX_CORE_JUNCTION_TEMP             ; 85                                          ; --            ; --          ; --             ;
; MIN_CORE_JUNCTION_TEMP             ; 0                                           ; --            ; --          ; --             ;
; PARTITION_COLOR                    ; 16764057                                    ; --            ; --          ; Top            ;
; PARTITION_NETLIST_TYPE             ; SOURCE                                      ; --            ; --          ; Top            ;
; SEARCH_PATH                        ; f:\study\数字电路\实验\lab2\display_single/ ; --            ; --          ; --             ;
; USE_GENERATED_PHYSICAL_CONSTRAINTS ; Off                                         ; --            ; --          ; eda_blast_fpga ;
+------------------------------------+---------------------------------------------+---------------+-------------+----------------+


+-----------------------------------------------------------------------------------------------------------------------------+
; Flow Elapsed Time                                                                                                           ;
+-------------------------+--------------+-------------------------+---------------------+------------------------------------+
; Module Name             ; Elapsed Time ; Average Processors Used ; Peak Virtual Memory ; Total CPU Time (on all processors) ;
+-------------------------+--------------+-------------------------+---------------------+------------------------------------+
; Analysis & Synthesis    ; 00:00:02     ; 1.0                     ; 271 MB              ; 00:00:01                           ;
; Fitter                  ; 00:00:06     ; 1.2                     ; 354 MB              ; 00:00:04                           ;
; Assembler               ; 00:00:03     ; 1.0                     ; 300 MB              ; 00:00:02                           ;
; Classic Timing Analyzer ; 00:00:01     ; 1.0                     ; 203 MB              ; 00:00:00                           ;
; Total                   ; 00:00:12     ; --                      ; --                  ; 00:00:07                           ;
+-------------------------+--------------+-------------------------+---------------------+------------------------------------+


+------------------------------------------------------------------------------------------+
; Flow OS Summary                                                                          ;
+-------------------------+------------------+---------------+------------+----------------+
; Module Name             ; Machine Hostname ; OS Name       ; OS Version ; Processor type ;
+-------------------------+------------------+---------------+------------+----------------+
; Analysis & Synthesis    ; DESKTOP-Q8QNBBH  ; Windows Vista ; 6.2        ; x86_64         ;
; Fitter                  ; DESKTOP-Q8QNBBH  ; Windows Vista ; 6.2        ; x86_64         ;
; Assembler               ; DESKTOP-Q8QNBBH  ; Windows Vista ; 6.2        ; x86_64         ;
; Classic Timing Analyzer ; DESKTOP-Q8QNBBH  ; Windows Vista ; 6.2        ; x86_64         ;
+-------------------------+------------------+---------------+------------+----------------+


------------
; Flow Log ;
------------
quartus_map --read_settings_files=on --write_settings_files=off bit16_value_save -c bit16_value_save
quartus_fit --read_settings_files=off --write_settings_files=off bit16_value_save -c bit16_value_save
quartus_asm --read_settings_files=off --write_settings_files=off bit16_value_save -c bit16_value_save
quartus_tan --read_settings_files=off --write_settings_files=off bit16_value_save -c bit16_value_save --timing_analysis_only



